<?xml version="1.0" encoding="UTF-8"?>
<!-- Generated by org.testng.reporters.JUnitReportReporter -->
<testsuite hostname="LAPTOP-QKHIEM9U" failures="0" tests="7" name="testCases.Create_Acoount" time="3.827" errors="0" timestamp="2024-06-15T21:31:54 IST" skipped="0">
  <testcase classname="testCases.Create_Acoount" name="EnterPassword" time="0.130"/>
  <testcase classname="testCases.Create_Acoount" name="EnterEmail" time="0.161"/>
  <testcase classname="testCases.Create_Acoount" name="ConfirmPassword" time="0.114"/>
  <testcase classname="testCases.Create_Acoount" name="ConfirmCreateAccount" time="0.149"/>
  <testcase classname="testCases.Create_Acoount" name="EnterFirstName" time="0.111"/>
  <testcase classname="testCases.Create_Acoount" name="EnterLastName" time="0.093"/>
  <testcase classname="testCases.Create_Acoount" name="ClickcreateAccount" time="3.069"/>
</testsuite> <!-- testCases.Create_Acoount -->
